#    1 | steps:    71 | steps_t:     0 | t: 0.143057 | r:  -482.000000 | e:   1.000000 | Q:        nan | won: False 
#    2 | steps:   125 | steps_t:     0 | t: 0.234349 | r:  -443.000000 | e:   1.000000 | Q:        nan | won: False 
#    3 | steps:   142 | steps_t:     0 | t: 0.262686 | r:  -439.000000 | e:   1.000000 | Q:        nan | won: False 
#    4 | steps:   244 | steps_t:     0 | t: 0.440036 | r:  -326.000000 | e:   1.000000 | Q:        nan | won: False 
#    5 | steps:   269 | steps_t:     0 | t: 0.481066 | r:  -425.000000 | e:   1.000000 | Q:        nan | won: False 
#    6 | steps:   318 | steps_t:     0 | t: 0.563469 | r:  -449.000000 | e:   1.000000 | Q:        nan | won: False 
#    7 | steps:   379 | steps_t:     0 | t: 0.667804 | r:  -494.000000 | e:   1.000000 | Q:        nan | won: False 
#    8 | steps:   396 | steps_t:     0 | t: 0.696589 | r:  -494.000000 | e:   1.000000 | Q:        nan | won: False 
#    9 | steps:   419 | steps_t:     0 | t: 0.738005 | r:  -467.000000 | e:   1.000000 | Q:        nan | won: False 
#   10 | steps:   464 | steps_t:     0 | t: 0.817539 | r:  -500.000000 | e:   1.000000 | Q:        nan | won: False 
#   11 | steps:   541 | steps_t:     0 | t: 0.951870 | r:  -477.000000 | e:   1.000000 | Q:        nan | won: False 
#   12 | steps:   573 | steps_t:     0 | t: 1.005439 | r:  -454.000000 | e:   1.000000 | Q:        nan | won: False 
#   13 | steps:   590 | steps_t:     0 | t: 1.034271 | r:  -472.000000 | e:   1.000000 | Q:        nan | won: False 
#   14 | steps:   678 | steps_t:     0 | t: 1.185959 | r:  -510.000000 | e:   1.000000 | Q:        nan | won: False 
#   15 | steps:   724 | steps_t:     0 | t: 1.265000 | r:  -380.000000 | e:   1.000000 | Q:        nan | won: False 
#   16 | steps:   830 | steps_t:     0 | t: 1.449667 | r:  -341.000000 | e:   1.000000 | Q:        nan | won: False 
#   17 | steps:   971 | steps_t:     0 | t: 1.691396 | r:  -519.000000 | e:   1.000000 | Q:        nan | won: False 
#   18 | steps:  1050 | steps_t:     0 | t: 1.826968 | r:  -369.000000 | e:   1.000000 | Q:        nan | won: False 
#   19 | steps:  1081 | steps_t:     0 | t: 1.880671 | r:  -453.000000 | e:   1.000000 | Q:        nan | won: False 
#   20 | steps:  1153 | steps_t:     0 | t: 2.003861 | r:  -505.000000 | e:   1.000000 | Q:        nan | won: False 
#   21 | steps:  1184 | steps_t:     0 | t: 2.056790 | r:  -398.000000 | e:   1.000000 | Q:        nan | won: False 
#   22 | steps:  1298 | steps_t:     0 | t: 2.337992 | r:  -393.000000 | e:   1.000000 | Q:        nan | won: False 
#   23 | steps:  1363 | steps_t:     0 | t: 2.450609 | r:  -509.000000 | e:   1.000000 | Q:        nan | won: False 
#   24 | steps:  1440 | steps_t:     0 | t: 2.601277 | r:  -510.000000 | e:   1.000000 | Q:        nan | won: False 
#   25 | steps:  1566 | steps_t:     0 | t: 2.825876 | r:  -504.000000 | e:   1.000000 | Q:        nan | won: False 
#   26 | steps:  1603 | steps_t:     0 | t: 2.888996 | r:  -459.000000 | e:   1.000000 | Q:        nan | won: False 
#   27 | steps:  1717 | steps_t:     0 | t: 3.090794 | r:  -525.000000 | e:   1.000000 | Q:        nan | won: False 
#   28 | steps:  1779 | steps_t:     0 | t: 3.198539 | r:  -462.000000 | e:   1.000000 | Q:        nan | won: False 
#   29 | steps:  1835 | steps_t:     0 | t: 3.296554 | r:  -423.000000 | e:   1.000000 | Q:        nan | won: False 
#   30 | steps:  1984 | steps_t:     0 | t: 3.555316 | r:  -417.000000 | e:   1.000000 | Q:        nan | won: False 
#   31 | steps:  2157 | steps_t:     0 | t: 3.858113 | r:  -375.000000 | e:   1.000000 | Q:        nan | won: False 
#   32 | steps:  2192 | steps_t:     0 | t: 3.920454 | r:  -457.000000 | e:   1.000000 | Q:        nan | won: False 
#   33 | steps:  2237 | steps_t:     0 | t: 3.998574 | r:  -445.000000 | e:   1.000000 | Q:        nan | won: False 
#   34 | steps:  2440 | steps_t:     0 | t: 4.345170 | r:  -398.000000 | e:   1.000000 | Q:        nan | won: False 
#   35 | steps:  2473 | steps_t:     0 | t: 4.403074 | r:  -444.000000 | e:   1.000000 | Q:        nan | won: False 
#   36 | steps:  2558 | steps_t:     0 | t: 4.544286 | r:  -507.000000 | e:   1.000000 | Q:        nan | won: False 
#   37 | steps:  2611 | steps_t:     0 | t: 4.633963 | r:  -431.000000 | e:   1.000000 | Q:        nan | won: False 
#   38 | steps:  2672 | steps_t:     0 | t: 4.739704 | r:  -428.000000 | e:   1.000000 | Q:        nan | won: False 
#   39 | steps:  2771 | steps_t:     0 | t: 4.909031 | r:  -334.000000 | e:   1.000000 | Q:        nan | won: False 
#   40 | steps:  2845 | steps_t:     0 | t: 5.033894 | r:  -518.000000 | e:   1.000000 | Q:        nan | won: False 
#   41 | steps:  2929 | steps_t:     0 | t: 5.174818 | r:  -473.000000 | e:   1.000000 | Q:        nan | won: False 
#   42 | steps:  2954 | steps_t:     0 | t: 5.218725 | r:  -458.000000 | e:   1.000000 | Q:        nan | won: False 
#   43 | steps:  2990 | steps_t:     0 | t: 5.280561 | r:  -414.000000 | e:   1.000000 | Q:        nan | won: False 
#   44 | steps:  3005 | steps_t:     0 | t: 5.308113 | r:  -470.000000 | e:   1.000000 | Q:        nan | won: False 
#   45 | steps:  3058 | steps_t:     0 | t: 5.402393 | r:  -486.000000 | e:   1.000000 | Q:        nan | won: False 
#   46 | steps:  3117 | steps_t:     0 | t: 5.504132 | r:  -481.000000 | e:   1.000000 | Q:        nan | won: False 
#   47 | steps:  3274 | steps_t:     0 | t: 5.885774 | r:  -502.000000 | e:   1.000000 | Q:        nan | won: False 
#   48 | steps:  3306 | steps_t:     0 | t: 5.942750 | r:  -410.000000 | e:   1.000000 | Q:        nan | won: False 
#   49 | steps:  3326 | steps_t:     0 | t: 5.978812 | r:  -442.000000 | e:   1.000000 | Q:        nan | won: False 
#   50 | steps:  3377 | steps_t:     0 | t: 6.070657 | r:  -506.000000 | e:   1.000000 | Q:        nan | won: False 
#   51 | steps:  3450 | steps_t:     0 | t: 6.197335 | r:  -517.000000 | e:   1.000000 | Q:        nan | won: False 
#   52 | steps:  3565 | steps_t:     0 | t: 6.398193 | r:  -460.000000 | e:   1.000000 | Q:        nan | won: False 
#   53 | steps:  3618 | steps_t:     0 | t: 6.492217 | r:  -442.000000 | e:   1.000000 | Q:        nan | won: False 
#   54 | steps:  3646 | steps_t:     0 | t: 6.540648 | r:  -461.000000 | e:   1.000000 | Q:        nan | won: False 
#   55 | steps:  3683 | steps_t:     0 | t: 6.606140 | r:  -481.000000 | e:   1.000000 | Q:        nan | won: False 
#   56 | steps:  3701 | steps_t:     0 | t: 6.637819 | r:  -473.000000 | e:   1.000000 | Q:        nan | won: False 
#   57 | steps:  4011 | steps_t:     0 | t: 7.162467 | r:  -461.000000 | e:   1.000000 | Q:        nan | won: False 
#   58 | steps:  4087 | steps_t:     0 | t: 7.294996 | r:  -454.000000 | e:   1.000000 | Q:        nan | won: False 
#   59 | steps:  4199 | steps_t:     0 | t: 7.497426 | r:  -391.000000 | e:   1.000000 | Q:        nan | won: False 
#   60 | steps:  4236 | steps_t:     0 | t: 7.568632 | r:  -481.000000 | e:   1.000000 | Q:        nan | won: False 
#   61 | steps:  4265 | steps_t:     0 | t: 7.624891 | r:  -484.000000 | e:   1.000000 | Q:        nan | won: False 
#   62 | steps:  4309 | steps_t:     0 | t: 7.712551 | r:  -466.000000 | e:   1.000000 | Q:        nan | won: False 
#   63 | steps:  4388 | steps_t:     0 | t: 7.861763 | r:  -446.000000 | e:   1.000000 | Q:        nan | won: False 
#   64 | steps:  4423 | steps_t:     0 | t: 7.927819 | r:  -479.000000 | e:   1.000000 | Q:        nan | won: False 
#   65 | steps:  4513 | steps_t:     0 | t: 8.082369 | r:  -457.000000 | e:   1.000000 | Q:        nan | won: False 
#   66 | steps:  4544 | steps_t:     0 | t: 8.137084 | r:  -475.000000 | e:   1.000000 | Q:        nan | won: False 
#   67 | steps:  4569 | steps_t:     0 | t: 8.182996 | r:  -436.000000 | e:   1.000000 | Q:        nan | won: False 
#   68 | steps:  4608 | steps_t:     0 | t: 8.253750 | r:  -505.000000 | e:   1.000000 | Q:        nan | won: False 
#   69 | steps:  4636 | steps_t:     0 | t: 8.302892 | r:  -395.000000 | e:   1.000000 | Q:        nan | won: False 
#   70 | steps:  4665 | steps_t:     0 | t: 8.357526 | r:  -495.000000 | e:   1.000000 | Q:        nan | won: False 
#   71 | steps:  5050 | steps_t:    49 | t: 10.016956 | r:  -488.000000 | e:   0.995100 | Q:        nan | won: False 
#   72 | steps:  5090 | steps_t:    88 | t: 10.801726 | r:  -506.000000 | e:   0.991200 | Q:        nan | won: False 
#   73 | steps:  5136 | steps_t:   133 | t: 11.712388 | r:  -435.000000 | e:   0.986700 | Q:  -4.725897 | won: False 
#   74 | steps:  5230 | steps_t:   226 | t: 13.538773 | r:  -395.000000 | e:   0.977400 | Q: -19.126909 | won: False 
#   75 | steps:  5270 | steps_t:   265 | t: 14.305162 | r:  -495.000000 | e:   0.973500 | Q:        nan | won: False 
#   76 | steps:  5286 | steps_t:   280 | t: 14.620311 | r:  -471.000000 | e:   0.972000 | Q:  -9.290565 | won: False 
#   77 | steps:  5353 | steps_t:   346 | t: 15.927244 | r:  -379.000000 | e:   0.965400 | Q:  -9.537560 | won: False 
#   78 | steps:  5462 | steps_t:   454 | t: 18.194491 | r:  -476.000000 | e:   0.954600 | Q: -30.552673 | won: False 
#   79 | steps:  5507 | steps_t:   498 | t: 19.076395 | r:  -478.000000 | e:   0.950200 | Q: -26.074480 | won: False 
#   80 | steps:  5559 | steps_t:   549 | t: 20.088525 | r:  -474.000000 | e:   0.945100 | Q: -36.958340 | won: False 
#   81 | steps:  5611 | steps_t:   600 | t: 21.167251 | r:  -474.000000 | e:   0.940000 | Q: -34.638203 | won: False 
#   82 | steps:  5664 | steps_t:   652 | t: 22.221037 | r:  -497.000000 | e:   0.934800 | Q: -39.573666 | won: False 
#   83 | steps:  5747 | steps_t:   734 | t: 23.830128 | r:  -428.000000 | e:   0.926600 | Q: -35.989437 | won: False 
